
== Cloning from feature branch 'main' ==
> /usr/bin/git clone -b main --depth 50 https://x-token-auth@bitbucket.org/feranmidev/phalconwise_app /Users/builder/clone --progress
Cloning into '/Users/builder/clone'...
remote: Enumerating objects: 96, done.        
remote: Counting objects:   1% (1/96)        
remote: Counting objects:   2% (2/96)        
remote: Counting objects:   3% (3/96)        
remote: Counting objects:   4% (4/96)        
remote: Counting objects:   5% (5/96)        
remote: Counting objects:   6% (6/96)        
remote: Counting objects:   7% (7/96)        
remote: Counting objects:   8% (8/96)        
remote: Counting objects:   9% (9/96)        
remote: Counting objects:  10% (10/96)        
remote: Counting objects:  11% (11/96)        
remote: Counting objects:  12% (12/96)        
remote: Counting objects:  13% (13/96)        
remote: Counting objects:  14% (14/96)        
remote: Counting objects:  15% (15/96)        
remote: Counting objects:  16% (16/96)        
remote: Counting objects:  17% (17/96)        
remote: Counting objects:  18% (18/96)        
remote: Counting objects:  19% (19/96)        
remote: Counting objects:  20% (20/96)        
remote: Counting objects:  21% (21/96)        
remote: Counting objects:  22% (22/96)        
remote: Counting objects:  23% (23/96)        
remote: Counting objects:  25% (24/96)        
remote: Counting objects:  26% (25/96)        
remote: Counting objects:  27% (26/96)        
remote: Counting objects:  28% (27/96)        
remote: Counting objects:  29% (28/96)        
remote: Counting objects:  30% (29/96)        
remote: Counting objects:  31% (30/96)        
remote: Counting objects:  32% (31/96)        
remote: Counting objects:  33% (32/96)        
remote: Counting objects:  34% (33/96)        
remote: Counting objects:  35% (34/96)        
remote: Counting objects:  36% (35/96)        
remote: Counting objects:  37% (36/96)        
remote: Counting objects:  38% (37/96)        
remote: Counting objects:  39% (38/96)        
remote: Counting objects:  40% (39/96)        
remote: Counting objects:  41% (40/96)        
remote: Counting objects:  42% (41/96)        
remote: Counting objects:  43% (42/96)        
remote: Counting objects:  44% (43/96)        
remote: Counting objects:  45% (44/96)        
remote: Counting objects:  46% (45/96)        
remote: Counting objects:  47% (46/96)        
remote: Counting objects:  48% (47/96)        
remote: Counting objects:  50% (48/96)        
remote: Counting objects:  51% (49/96)        
remote: Counting objects:  52% (50/96)        
remote: Counting objects:  53% (51/96)        
remote: Counting objects:  54% (52/96)        
remote: Counting objects:  55% (53/96)        
remote: Counting objects:  56% (54/96)        
remote: Counting objects:  57% (55/96)        
remote: Counting objects:  58% (56/96)        
remote: Counting objects:  59% (57/96)        
remote: Counting objects:  60% (58/96)        
remote: Counting objects:  61% (59/96)        
remote: Counting objects:  62% (60/96)        
remote: Counting objects:  63% (61/96)        
remote: Counting objects:  64% (62/96)        
remote: Counting objects:  65% (63/96)        
remote: Counting objects:  66% (64/96)        
remote: Counting objects:  67% (65/96)        
remote: Counting objects:  68% (66/96)        
remote: Counting objects:  69% (67/96)        
remote: Counting objects:  70% (68/96)        
remote: Counting objects:  71% (69/96)        
remote: Counting objects:  72% (70/96)        
remote: Counting objects:  73% (71/96)        
remote: Counting objects:  75% (72/96)        
remote: Counting objects:  76% (73/96)        
remote: Counting objects:  77% (74/96)        
remote: Counting objects:  78% (75/96)        
remote: Counting objects:  79% (76/96)        
remote: Counting objects:  80% (77/96)        
remote: Counting objects:  81% (78/96)        
remote: Counting objects:  82% (79/96)        
remote: Counting objects:  83% (80/96)        
remote: Counting objects:  84% (81/96)        
remote: Counting objects:  85% (82/96)        
remote: Counting objects:  86% (83/96)        
remote: Counting objects:  87% (84/96)        
remote: Counting objects:  88% (85/96)        
remote: Counting objects:  89% (86/96)        
remote: Counting objects:  90% (87/96)        
remote: Counting objects:  91% (88/96)        
remote: Counting objects:  92% (89/96)        
remote: Counting objects:  93% (90/96)        
remote: Counting objects:  94% (91/96)        
remote: Counting objects:  95% (92/96)        
remote: Counting objects:  96% (93/96)        
remote: Counting objects:  97% (94/96)        
remote: Counting objects:  98% (95/96)        
remote: Counting objects: 100% (96/96)        
remote: Counting objects: 100% (96/96), done.        
remote: Compressing objects:   1% (1/76)        
remote: Compressing objects:   2% (2/76)        
remote: Compressing objects:   3% (3/76)        
remote: Compressing objects:   5% (4/76)        
remote: Compressing objects:   6% (5/76)        
remote: Compressing objects:   7% (6/76)        
remote: Compressing objects:   9% (7/76)        
remote: Compressing objects:  10% (8/76)        
remote: Compressing objects:  11% (9/76)        
remote: Compressing objects:  13% (10/76)        
remote: Compressing objects:  14% (11/76)        
remote: Compressing objects:  15% (12/76)        
remote: Compressing objects:  17% (13/76)        
remote: Compressing objects:  18% (14/76)        
remote: Compressing objects:  19% (15/76)        
remote: Compressing objects:  21% (16/76)        
remote: Compressing objects:  22% (17/76)        
remote: Compressing objects:  23% (18/76)        
remote: Compressing objects:  25% (19/76)        
remote: Compressing objects:  26% (20/76)        
remote: Compressing objects:  27% (21/76)        
remote: Compressing objects:  28% (22/76)        
remote: Compressing objects:  30% (23/76)        
remote: Compressing objects:  31% (24/76)        
remote: Compressing objects:  32% (25/76)        
remote: Compressing objects:  34% (26/76)        
remote: Compressing objects:  35% (27/76)        
remote: Compressing objects:  36% (28/76)        
remote: Compressing objects:  38% (29/76)        
remote: Compressing objects:  39% (30/76)        
remote: Compressing objects:  40% (31/76)        
remote: Compressing objects:  42% (32/76)        
remote: Compressing objects:  43% (33/76)        
remote: Compressing objects:  44% (34/76)        
remote: Compressing objects:  46% (35/76)        
remote: Compressing objects:  47% (36/76)        
remote: Compressing objects:  48% (37/76)        
remote: Compressing objects:  50% (38/76)        
remote: Compressing objects:  51% (39/76)        
remote: Compressing objects:  52% (40/76)        
remote: Compressing objects:  53% (41/76)        
remote: Compressing objects:  55% (42/76)        
remote: Compressing objects:  56% (43/76)        
remote: Compressing objects:  57% (44/76)        
remote: Compressing objects:  59% (45/76)        
remote: Compressing objects:  60% (46/76)        
remote: Compressing objects:  61% (47/76)        
remote: Compressing objects:  63% (48/76)        
remote: Compressing objects:  64% (49/76)        
remote: Compressing objects:  65% (50/76)        
remote: Compressing objects:  67% (51/76)        
remote: Compressing objects:  68% (52/76)        
remote: Compressing objects:  69% (53/76)        
remote: Compressing objects:  71% (54/76)        
remote: Compressing objects:  72% (55/76)        
remote: Compressing objects:  73% (56/76)        
remote: Compressing objects:  75% (57/76)        
remote: Compressing objects:  76% (58/76)        
remote: Compressing objects:  77% (59/76)        
remote: Compressing objects:  78% (60/76)        
remote: Compressing objects:  80% (61/76)        
remote: Compressing objects:  81% (62/76)        
remote: Compressing objects:  82% (63/76)        
remote: Compressing objects:  84% (64/76)        
remote: Compressing objects:  85% (65/76)        
remote: Compressing objects:  86% (66/76)        
remote: Compressing objects:  88% (67/76)        
remote: Compressing objects:  89% (68/76)        
remote: Compressing objects:  90% (69/76)        
remote: Compressing objects:  92% (70/76)        
remote: Compressing objects:  93% (71/76)        
remote: Compressing objects:  94% (72/76)        
remote: Compressing objects:  96% (73/76)        
remote: Compressing objects:  97% (74/76)        
remote: Compressing objects:  98% (75/76)        
remote: Compressing objects: 100% (76/76)        
remote: Compressing objects: 100% (76/76), done.        
remote: Total 96 (delta 6), reused 0 (delta 0), pack-reused 0        

== Checking out commit hash ddbd6f1007e4aef52efaed86f8b9b6f6b53bdab2 ==
> /usr/bin/git reset --hard ddbd6f1007e4aef52efaed86f8b9b6f6b53bdab2
HEAD is now at ddbd6f1 Initial commit
